[debug] [2023-08-14T10:29:33.235Z] ----------------------------------------------------------------------
[debug] [2023-08-14T10:29:33.237Z] Command:       C:\Program Files\nodejs\node.exe C:\Users\Hao\AppData\Roaming\npm\node_modules\firebase-tools\lib\bin\firebase.js deploy
[debug] [2023-08-14T10:29:33.237Z] CLI Version:   12.4.7
[debug] [2023-08-14T10:29:33.237Z] Platform:      win32
[debug] [2023-08-14T10:29:33.238Z] Node Version:  v16.13.1
[debug] [2023-08-14T10:29:33.238Z] Time:          Mon Aug 14 2023 17:29:33 GMT+0700 (Indochina Time)
[debug] [2023-08-14T10:29:33.239Z] ----------------------------------------------------------------------
[debug] 
[debug] [2023-08-14T10:29:33.331Z] > command requires scopes: ["email","openid","https://www.googleapis.com/auth/cloudplatformprojects.readonly","https://www.googleapis.com/auth/firebase","https://www.googleapis.com/auth/cloud-platform"]
[debug] [2023-08-14T10:29:33.331Z] > authorizing via signed-in user (minhhao767@gmail.com)
[debug] [2023-08-14T10:29:33.331Z] [iam] checking project chat-app-7f967 for permissions ["firebase.projects.get","firebasehosting.sites.update"]
[debug] [2023-08-14T10:29:33.333Z] > refreshing access token with scopes: []
[debug] [2023-08-14T10:29:33.335Z] >>> [apiv2][query] POST https://www.googleapis.com/oauth2/v3/token [none]
[debug] [2023-08-14T10:29:33.335Z] >>> [apiv2][body] POST https://www.googleapis.com/oauth2/v3/token [omitted]
[debug] [2023-08-14T10:29:33.557Z] <<< [apiv2][status] POST https://www.googleapis.com/oauth2/v3/token 400
[debug] [2023-08-14T10:29:33.557Z] <<< [apiv2][body] POST https://www.googleapis.com/oauth2/v3/token [omitted]
[debug] [2023-08-14T10:29:33.558Z] >>> [apiv2][query] POST https://cloudresourcemanager.googleapis.com/v1/projects/chat-app-7f967:testIamPermissions [none]
[debug] [2023-08-14T10:29:33.558Z] >>> [apiv2][(partial)header] POST https://cloudresourcemanager.googleapis.com/v1/projects/chat-app-7f967:testIamPermissions x-goog-quota-user=projects/chat-app-7f967
[debug] [2023-08-14T10:29:33.558Z] >>> [apiv2][body] POST https://cloudresourcemanager.googleapis.com/v1/projects/chat-app-7f967:testIamPermissions {"permissions":["firebase.projects.get","firebasehosting.sites.update"]}
[debug] [2023-08-14T10:29:34.578Z] <<< [apiv2][status] POST https://cloudresourcemanager.googleapis.com/v1/projects/chat-app-7f967:testIamPermissions 401
[debug] [2023-08-14T10:29:34.578Z] <<< [apiv2][body] POST https://cloudresourcemanager.googleapis.com/v1/projects/chat-app-7f967:testIamPermissions {"error":{"code":401,"message":"Request had invalid authentication credentials. Expected OAuth 2 access token, login cookie or other valid authentication credential. See https://developers.google.com/identity/sign-in/web/devconsole-project.","status":"UNAUTHENTICATED","details":[{"@type":"type.googleapis.com/google.rpc.ErrorInfo","reason":"ACCESS_TOKEN_TYPE_UNSUPPORTED","metadata":{"method":"google.cloudresourcemanager.v1.Projects.TestIamPermissions","service":"cloudresourcemanager.googleapis.com"}}]}}
[debug] [2023-08-14T10:29:34.580Z] [iam] error while checking permissions, command may fail: FirebaseError: HTTP Error: 401, Request had invalid authentication credentials. Expected OAuth 2 access token, login cookie or other valid authentication credential. See https://developers.google.com/identity/sign-in/web/devconsole-project.
[debug] [2023-08-14T10:29:34.581Z] > refreshing access token with scopes: []
[debug] [2023-08-14T10:29:34.581Z] >>> [apiv2][query] POST https://www.googleapis.com/oauth2/v3/token [none]
[debug] [2023-08-14T10:29:34.582Z] >>> [apiv2][body] POST https://www.googleapis.com/oauth2/v3/token [omitted]
[debug] [2023-08-14T10:29:35.126Z] <<< [apiv2][status] POST https://www.googleapis.com/oauth2/v3/token 400
[debug] [2023-08-14T10:29:35.127Z] <<< [apiv2][body] POST https://www.googleapis.com/oauth2/v3/token [omitted]
[debug] [2023-08-14T10:29:35.127Z] >>> [apiv2][query] GET https://firebase.googleapis.com/v1beta1/projects/chat-app-7f967 [none]
[debug] [2023-08-14T10:29:35.407Z] <<< [apiv2][status] GET https://firebase.googleapis.com/v1beta1/projects/chat-app-7f967 401
[debug] [2023-08-14T10:29:35.407Z] <<< [apiv2][body] GET https://firebase.googleapis.com/v1beta1/projects/chat-app-7f967 {"error":{"code":401,"message":"Request had invalid authentication credentials. Expected OAuth 2 access token, login cookie or other valid authentication credential. See https://developers.google.com/identity/sign-in/web/devconsole-project.","status":"UNAUTHENTICATED"}}
[debug] [2023-08-14T10:29:35.407Z] HTTP Error: 401, Request had invalid authentication credentials. Expected OAuth 2 access token, login cookie or other valid authentication credential. See https://developers.google.com/identity/sign-in/web/devconsole-project.
[debug] [2023-08-14T10:29:35.689Z] FirebaseError: HTTP Error: 401, Request had invalid authentication credentials. Expected OAuth 2 access token, login cookie or other valid authentication credential. See https://developers.google.com/identity/sign-in/web/devconsole-project.
    at responseToError (C:\Users\Hao\AppData\Roaming\npm\node_modules\firebase-tools\lib\responseToError.js:49:12)
    at RetryOperation._fn (C:\Users\Hao\AppData\Roaming\npm\node_modules\firebase-tools\lib\apiv2.js:285:77)
    at processTicksAndRejections (node:internal/process/task_queues:96:5)
[error] 
[error] Error: Failed to get Firebase project chat-app-7f967. Please make sure the project exists and your account has permission to access it.
